<?xml version="1.0" encoding="UTF-8"?>
<!-- Generated by org.testng.reporters.JUnitReportReporter -->
<testsuite skipped="0" hostname="PC-RSY-1" name="tests.ParameterizationTest" tests="1" failures="0" timestamp="11 Oct 2017 08:39:44 GMT" time="34.605" errors="0">
  <testcase name="testWebHotelApp" time="34.605" classname="tests.ParameterizationTest"/>
</testsuite> <!-- tests.ParameterizationTest -->
