<?xml version="1.0" encoding="UTF-8"?>
<!-- Generated by org.testng.reporters.JUnitReportReporter -->
<testsuite skipped="0" hostname="PC-RSY-1" name="tests.TestHotelApp" tests="1" failures="0" timestamp="09 Oct 2017 13:42:08 GMT" time="29.912" errors="0">
  <testcase name="testWebHotelApp" time="29.912" classname="tests.TestHotelApp"/>
</testsuite> <!-- tests.TestHotelApp -->
