<?xml version="1.0" encoding="UTF-8"?>
<!-- Generated by org.testng.reporters.JUnitReportReporter -->
<testsuite skipped="0" hostname="PC-RSY-1" name="tests.VerificationPointTest" tests="1" failures="0" timestamp="09 Oct 2017 15:46:20 GMT" time="29.819" errors="0">
  <testcase name="testWebHotelApp" time="29.819" classname="tests.VerificationPointTest"/>
</testsuite> <!-- tests.VerificationPointTest -->
