<?xml version="1.0" encoding="UTF-8"?>
<!-- Generated by org.testng.reporters.JUnitReportReporter -->
<testsuite skipped="0" hostname="PC-RSY-1" name="tests.SynchronizationTest" tests="1" failures="0" timestamp="11 Oct 2017 11:04:46 GMT" time="43.892" errors="0">
  <testcase name="testWebHotelApp" time="43.892" classname="tests.SynchronizationTest"/>
</testsuite> <!-- tests.SynchronizationTest -->
