<?xml version="1.0" encoding="UTF-8"?>
<!-- Generated by org.testng.reporters.JUnitReportReporter -->
<testsuite skipped="0" hostname="PC-RSY-1" name="tests.ParameterizationLoopTest_ReadXLFile" tests="1" failures="0" timestamp="29 Nov 2017 11:51:09 GMT" time="64.527" errors="0">
  <testcase name="testWebHotelApp" time="64.527" classname="tests.ParameterizationLoopTest_ReadXLFile"/>
</testsuite> <!-- tests.ParameterizationLoopTest_ReadXLFile -->
