<?xml version="1.0" encoding="UTF-8"?>
<!-- Generated by org.testng.reporters.JUnitReportReporter -->
<testsuite skipped="0" hostname="PC-RSY-1" name="tests.ConfigurationFileTest" tests="1" failures="0" timestamp="12 Oct 2017 07:46:56 GMT" time="200.097" errors="0">
  <testcase name="testWebHotelApp" time="200.097" classname="tests.ConfigurationFileTest"/>
</testsuite> <!-- tests.ConfigurationFileTest -->
