<?xml version="1.0" encoding="UTF-8"?>
<!-- Generated by org.testng.reporters.JUnitReportReporter -->
<testsuite skipped="0" hostname="PC-RSY-1" name="tests.FunctionCallingTest" tests="1" failures="0" timestamp="10 Oct 2017 11:11:30 GMT" time="34.449" errors="0">
  <testcase name="testWebHotelApp" time="34.449" classname="tests.FunctionCallingTest"/>
</testsuite> <!-- tests.FunctionCallingTest -->
