<?xml version="1.0" encoding="UTF-8"?>
<!-- Generated by org.testng.reporters.JUnitReportReporter -->
<testsuite skipped="0" hostname="PC-RSY-1" name="tests.ParameterizationTest_ReadXLFile" tests="1" failures="0" timestamp="11 Oct 2017 08:48:27 GMT" time="33.452" errors="0">
  <testcase name="testWebHotelApp" time="33.452" classname="tests.ParameterizationTest_ReadXLFile"/>
</testsuite> <!-- tests.ParameterizationTest_ReadXLFile -->
