<?xml version="1.0" encoding="UTF-8"?>
<!-- Generated by org.testng.reporters.JUnitReportReporter -->
<testsuite skipped="0" hostname="PC-RSY-1" name="tests.Final_HotelApp_Automation" tests="1" failures="0" timestamp="03 Nov 2017 15:46:40 GMT" time="32.555" errors="0">
  <testcase name="testWebHotelApp" time="32.555" classname="tests.Final_HotelApp_Automation"/>
</testsuite> <!-- tests.Final_HotelApp_Automation -->
