<?xml version="1.0" encoding="UTF-8"?>
<!-- Generated by org.testng.reporters.JUnitReportReporter -->
<testsuite skipped="0" hostname="PC-RSY-1" name="tests.DynamicUIObjectTest" tests="1" failures="0" timestamp="11 Oct 2017 13:27:32 GMT" time="47.011" errors="0">
  <testcase name="testWebHotelApp" time="47.011" classname="tests.DynamicUIObjectTest"/>
</testsuite> <!-- tests.DynamicUIObjectTest -->
