<?xml version="1.0" encoding="UTF-8"?>
<!-- Generated by org.testng.reporters.JUnitReportReporter -->
<testsuite skipped="0" hostname="PC-RSY-1" name="tests.SynchronizationExplicitWaitTime" tests="1" failures="0" timestamp="11 Oct 2017 12:55:05 GMT" time="40.121" errors="0">
  <testcase name="testWebHotelApp" time="40.121" classname="tests.SynchronizationExplicitWaitTime"/>
</testsuite> <!-- tests.SynchronizationExplicitWaitTime -->
